CRITICAL - 2022-02-01 03:35:08 --> Undefined variable: userInfo
#0 C:\projectos\2022\pessoal\sistema-de-reserva-de-hotel-srh\webapp\app\Views\dashboard\index.php(75): CodeIgniter\Debug\Exceptions->errorHandler(8, 'Undefined varia...', 'C:\\projectos\\20...', 75, Array)
#1 C:\projectos\2022\pessoal\sistema-de-reserva-de-hotel-srh\webapp\system\View\View.php(210): include('C:\\projectos\\20...')
#2 C:\projectos\2022\pessoal\sistema-de-reserva-de-hotel-srh\webapp\system\View\View.php(213): CodeIgniter\View\View->CodeIgniter\View\{closure}()
#3 C:\projectos\2022\pessoal\sistema-de-reserva-de-hotel-srh\webapp\system\Common.php(1089): CodeIgniter\View\View->render('dashboard/index', Array, true)
#4 C:\projectos\2022\pessoal\sistema-de-reserva-de-hotel-srh\webapp\app\Controllers\Dashboard.php(21): view('dashboard/index')
#5 C:\projectos\2022\pessoal\sistema-de-reserva-de-hotel-srh\webapp\system\CodeIgniter.php(825): App\Controllers\Dashboard->index()
#6 C:\projectos\2022\pessoal\sistema-de-reserva-de-hotel-srh\webapp\system\CodeIgniter.php(412): CodeIgniter\CodeIgniter->runController(Object(App\Controllers\Dashboard))
#7 C:\projectos\2022\pessoal\sistema-de-reserva-de-hotel-srh\webapp\system\CodeIgniter.php(320): CodeIgniter\CodeIgniter->handleRequest(NULL, Object(Config\Cache), false)
#8 C:\projectos\2022\pessoal\sistema-de-reserva-de-hotel-srh\webapp\public\index.php(37): CodeIgniter\CodeIgniter->run()
#9 C:\projectos\2022\pessoal\sistema-de-reserva-de-hotel-srh\webapp\system\Commands\Server\rewrite.php(43): require_once('C:\\projectos\\20...')
#10 {main}
CRITICAL - 2022-02-01 03:35:25 --> Undefined variable: userInfo
#0 C:\projectos\2022\pessoal\sistema-de-reserva-de-hotel-srh\webapp\app\Views\dashboard\index.php(75): CodeIgniter\Debug\Exceptions->errorHandler(8, 'Undefined varia...', 'C:\\projectos\\20...', 75, Array)
#1 C:\projectos\2022\pessoal\sistema-de-reserva-de-hotel-srh\webapp\system\View\View.php(210): include('C:\\projectos\\20...')
#2 C:\projectos\2022\pessoal\sistema-de-reserva-de-hotel-srh\webapp\system\View\View.php(213): CodeIgniter\View\View->CodeIgniter\View\{closure}()
#3 C:\projectos\2022\pessoal\sistema-de-reserva-de-hotel-srh\webapp\system\Common.php(1089): CodeIgniter\View\View->render('dashboard/index', Array, true)
#4 C:\projectos\2022\pessoal\sistema-de-reserva-de-hotel-srh\webapp\app\Controllers\Dashboard.php(21): view('dashboard/index')
#5 C:\projectos\2022\pessoal\sistema-de-reserva-de-hotel-srh\webapp\system\CodeIgniter.php(825): App\Controllers\Dashboard->index()
#6 C:\projectos\2022\pessoal\sistema-de-reserva-de-hotel-srh\webapp\system\CodeIgniter.php(412): CodeIgniter\CodeIgniter->runController(Object(App\Controllers\Dashboard))
#7 C:\projectos\2022\pessoal\sistema-de-reserva-de-hotel-srh\webapp\system\CodeIgniter.php(320): CodeIgniter\CodeIgniter->handleRequest(NULL, Object(Config\Cache), false)
#8 C:\projectos\2022\pessoal\sistema-de-reserva-de-hotel-srh\webapp\public\index.php(37): CodeIgniter\CodeIgniter->run()
#9 C:\projectos\2022\pessoal\sistema-de-reserva-de-hotel-srh\webapp\system\Commands\Server\rewrite.php(43): require_once('C:\\projectos\\20...')
#10 {main}
CRITICAL - 2022-02-01 03:59:50 --> Undefined index: name
#0 C:\projectos\2022\pessoal\sistema-de-reserva-de-hotel-srh\webapp\app\Views\dashboard\index.php(83): CodeIgniter\Debug\Exceptions->errorHandler(8, 'Undefined index...', 'C:\\projectos\\20...', 83, Array)
#1 C:\projectos\2022\pessoal\sistema-de-reserva-de-hotel-srh\webapp\system\View\View.php(210): include('C:\\projectos\\20...')
#2 C:\projectos\2022\pessoal\sistema-de-reserva-de-hotel-srh\webapp\system\View\View.php(213): CodeIgniter\View\View->CodeIgniter\View\{closure}()
#3 C:\projectos\2022\pessoal\sistema-de-reserva-de-hotel-srh\webapp\system\Common.php(1089): CodeIgniter\View\View->render('dashboard/index', Array, true)
#4 C:\projectos\2022\pessoal\sistema-de-reserva-de-hotel-srh\webapp\app\Controllers\Dashboard.php(21): view('dashboard/index', Array)
#5 C:\projectos\2022\pessoal\sistema-de-reserva-de-hotel-srh\webapp\system\CodeIgniter.php(825): App\Controllers\Dashboard->index()
#6 C:\projectos\2022\pessoal\sistema-de-reserva-de-hotel-srh\webapp\system\CodeIgniter.php(412): CodeIgniter\CodeIgniter->runController(Object(App\Controllers\Dashboard))
#7 C:\projectos\2022\pessoal\sistema-de-reserva-de-hotel-srh\webapp\system\CodeIgniter.php(320): CodeIgniter\CodeIgniter->handleRequest(NULL, Object(Config\Cache), false)
#8 C:\projectos\2022\pessoal\sistema-de-reserva-de-hotel-srh\webapp\public\index.php(37): CodeIgniter\CodeIgniter->run()
#9 C:\projectos\2022\pessoal\sistema-de-reserva-de-hotel-srh\webapp\system\Commands\Server\rewrite.php(43): require_once('C:\\projectos\\20...')
#10 {main}
CRITICAL - 2022-02-01 04:00:02 --> Undefined index: name
#0 C:\projectos\2022\pessoal\sistema-de-reserva-de-hotel-srh\webapp\app\Views\dashboard\index.php(83): CodeIgniter\Debug\Exceptions->errorHandler(8, 'Undefined index...', 'C:\\projectos\\20...', 83, Array)
#1 C:\projectos\2022\pessoal\sistema-de-reserva-de-hotel-srh\webapp\system\View\View.php(210): include('C:\\projectos\\20...')
#2 C:\projectos\2022\pessoal\sistema-de-reserva-de-hotel-srh\webapp\system\View\View.php(213): CodeIgniter\View\View->CodeIgniter\View\{closure}()
#3 C:\projectos\2022\pessoal\sistema-de-reserva-de-hotel-srh\webapp\system\Common.php(1089): CodeIgniter\View\View->render('dashboard/index', Array, true)
#4 C:\projectos\2022\pessoal\sistema-de-reserva-de-hotel-srh\webapp\app\Controllers\Dashboard.php(21): view('dashboard/index', Array)
#5 C:\projectos\2022\pessoal\sistema-de-reserva-de-hotel-srh\webapp\system\CodeIgniter.php(825): App\Controllers\Dashboard->index()
#6 C:\projectos\2022\pessoal\sistema-de-reserva-de-hotel-srh\webapp\system\CodeIgniter.php(412): CodeIgniter\CodeIgniter->runController(Object(App\Controllers\Dashboard))
#7 C:\projectos\2022\pessoal\sistema-de-reserva-de-hotel-srh\webapp\system\CodeIgniter.php(320): CodeIgniter\CodeIgniter->handleRequest(NULL, Object(Config\Cache), false)
#8 C:\projectos\2022\pessoal\sistema-de-reserva-de-hotel-srh\webapp\public\index.php(37): CodeIgniter\CodeIgniter->run()
#9 C:\projectos\2022\pessoal\sistema-de-reserva-de-hotel-srh\webapp\system\Commands\Server\rewrite.php(43): require_once('C:\\projectos\\20...')
#10 {main}
